<?xml version="1.0" encoding="UTF-8"?>
<testsuite name="com.practicalunittesting.chp03.money.MoneyManyValuesTest" tests="1" skipped="0" failures="0" errors="0" timestamp="2021-09-26T10:52:30" hostname="Sweets-MacBook-Air.local" time="0.0">
  <properties/>
  <testcase name="testConstructor" classname="com.practicalunittesting.chp03.money.MoneyManyValuesTest" time="0.0"/>
  <system-out><![CDATA[]]></system-out>
  <system-err><![CDATA[]]></system-err>
</testsuite>
